<?xml version="1.0" encoding="UTF-8"?>
<!-- Generated by org.testng.reporters.JUnitXMLReporter -->
<testsuite hostname="jop55-dt" name="Test" tests="5" failures="5" timestamp="15 Jul 2016 16:01:48 GMT" time="353.042" errors="0">
  <testcase name="test_risk_viewer_cp" time="0.522" classname="test.java.FS_RAViewer_CP">
    <failure type="org.openqa.selenium.WebDriverException" message="Element is not clickable at point (718.9000244140625, 104). Other element would receive the click: &amp;lt;div style=&amp;quot;height: 686px;&amp;quot; class=&amp;quot;modal-backdrop fade in&amp;quot;&amp;gt;&amp;lt;/div&amp;gt;
Command duration or timeout: 63 milliseconds
Build info: version: &amp;apos;2.53.0&amp;apos;, revision: &amp;apos;35ae25b1534ae328c771e0856c93e187490ca824&amp;apos;, time: &amp;apos;2016-03-15 10:43:46&amp;apos;
System info: host: &amp;apos;jop55-dt&amp;apos;, ip: &amp;apos;192.168.56.1&amp;apos;, os.name: &amp;apos;Windows 8.1&amp;apos;, os.arch: &amp;apos;amd64&amp;apos;, os.version: &amp;apos;6.3&amp;apos;, java.version: &amp;apos;1.8.0_60&amp;apos;
Driver info: org.openqa.selenium.firefox.FirefoxDriver
Capabilities [{applicationCacheEnabled=true, rotatable=false, handlesAlerts=true, databaseEnabled=true, version=43.0.1, platform=WINDOWS, nativeEvents=false, acceptSslCerts=true, webStorageEnabled=true, locationContextEnabled=true, browserName=firefox, takesScreenshot=true, javascriptEnabled=true, cssSelectorsEnabled=true}]
Session ID: 03cd205d-128d-4eba-b467-6452b37aded7">
      <![CDATA[org.openqa.selenium.WebDriverException: Element is not clickable at point (718.9000244140625, 104). Other element would receive the click: <div style="height: 686px;" class="modal-backdrop fade in"></div>
Command duration or timeout: 63 milliseconds
Build info: version: '2.53.0', revision: '35ae25b1534ae328c771e0856c93e187490ca824', time: '2016-03-15 10:43:46'
System info: host: 'jop55-dt', ip: '192.168.56.1', os.name: 'Windows 8.1', os.arch: 'amd64', os.version: '6.3', java.version: '1.8.0_60'
Driver info: org.openqa.selenium.firefox.FirefoxDriver
Capabilities [{applicationCacheEnabled=true, rotatable=false, handlesAlerts=true, databaseEnabled=true, version=43.0.1, platform=WINDOWS, nativeEvents=false, acceptSslCerts=true, webStorageEnabled=true, locationContextEnabled=true, browserName=firefox, takesScreenshot=true, javascriptEnabled=true, cssSelectorsEnabled=true}]
Session ID: 03cd205d-128d-4eba-b467-6452b37aded7
	at org.openqa.selenium.remote.ErrorHandler.createThrowable(ErrorHandler.java:206)
	at org.openqa.selenium.remote.ErrorHandler.throwIfResponseFailed(ErrorHandler.java:158)
	at org.openqa.selenium.remote.RemoteWebDriver.execute(RemoteWebDriver.java:678)
	at org.openqa.selenium.remote.RemoteWebElement.execute(RemoteWebElement.java:327)
	at org.openqa.selenium.remote.RemoteWebElement.click(RemoteWebElement.java:85)
	at test.java.FS_RAViewer_CP.test_risk_viewer_cp(FS_RAViewer_CP.java:60)
... Removed 29 stack frames]]>
    </failure>
  </testcase> <!-- test_risk_viewer_cp -->
  <testcase name="test_risk_viewer_sp" time="61.396" classname="test.java.FS_RAViewer_SP">
    <failure type="java.lang.AssertionError" message="timeout">
      <![CDATA[java.lang.AssertionError: timeout
	at org.junit.Assert.fail(Assert.java:88)
	at test.java.FS_RAViewer_SP.test_risk_viewer_sp(FS_RAViewer_SP.java:39)
... Removed 25 stack frames]]>
    </failure>
  </testcase> <!-- test_risk_viewer_sp -->
  <testcase name="test_risk_viewer_sc" time="61.527" classname="test.java.FS_RAViewer_SC">
    <failure type="java.lang.AssertionError" message="timeout">
      <![CDATA[java.lang.AssertionError: timeout
	at org.junit.Assert.fail(Assert.java:88)
	at test.java.FS_RAViewer_SC.test_risk_viewer_sc(FS_RAViewer_SC.java:39)
... Removed 25 stack frames]]>
    </failure>
  </testcase> <!-- test_risk_viewer_sc -->
  <testcase name="test_risk_viewer_hp" time="108.906" classname="test.java.FS_RAViewer_hp">
    <failure type="java.lang.AssertionError" message="timeout">
      <![CDATA[java.lang.AssertionError: timeout
	at org.junit.Assert.fail(Assert.java:88)
	at test.java.FS_RAViewer_hp.test_risk_viewer_hp(FS_RAViewer_hp.java:39)
... Removed 25 stack frames]]>
    </failure>
  </testcase> <!-- test_risk_viewer_hp -->
  <testcase name="test_risk_viewer_cbp" time="120.663" classname="test.java.FS_RAViewer_CBP">
    <failure type="java.lang.AssertionError" message="timeout">
      <![CDATA[java.lang.AssertionError: timeout
	at org.junit.Assert.fail(Assert.java:88)
	at test.java.FS_RAViewer_CBP.test_risk_viewer_cbp(FS_RAViewer_CBP.java:39)
... Removed 25 stack frames]]>
    </failure>
  </testcase> <!-- test_risk_viewer_cbp -->
</testsuite> <!-- Test -->
