<?xml version="1.0" encoding="UTF-8"?>
<testng-results skipped="5" failed="0" total="5" passed="0">
  <reporter-output>
  </reporter-output>
  <suite name="FallSentinel" duration-ms="527" started-at="2016-07-25T14:01:57Z" finished-at="2016-07-25T14:01:58Z">
    <groups>
    </groups>
    <test name="BasicTests" duration-ms="527" started-at="2016-07-25T14:01:57Z" finished-at="2016-07-25T14:01:58Z">
      <class name="test.java.FS_RAViewer_HP">
        <test-method status="SKIP" signature="setUpBeforeClass()[pri:0, instance:test.java.FS_RAViewer_HP@193f604a]" name="setUpBeforeClass" is-config="true" duration-ms="0" started-at="2016-07-25T10:01:58Z" finished-at="2016-07-25T10:01:58Z">
          <reporter-output>
          </reporter-output>
        </test-method> <!-- setUpBeforeClass -->
        <test-method status="SKIP" signature="test_risk_viewer_hp()[pri:0, instance:test.java.FS_RAViewer_HP@193f604a]" name="test_risk_viewer_hp" duration-ms="0" started-at="2016-07-25T10:01:58Z" finished-at="2016-07-25T10:01:58Z">
          <reporter-output>
          </reporter-output>
        </test-method> <!-- test_risk_viewer_hp -->
      </class> <!-- test.java.FS_RAViewer_HP -->
      <class name="test.java.FS_RAViewer_CBP">
        <test-method status="SKIP" signature="setUpBeforeClass()[pri:0, instance:test.java.FS_RAViewer_CBP@223aa2f7]" name="setUpBeforeClass" is-config="true" duration-ms="0" started-at="2016-07-25T10:01:58Z" finished-at="2016-07-25T10:01:58Z">
          <reporter-output>
          </reporter-output>
        </test-method> <!-- setUpBeforeClass -->
        <test-method status="SKIP" signature="test_risk_viewer_cbp()[pri:0, instance:test.java.FS_RAViewer_CBP@223aa2f7]" name="test_risk_viewer_cbp" duration-ms="0" started-at="2016-07-25T10:01:58Z" finished-at="2016-07-25T10:01:58Z">
          <reporter-output>
          </reporter-output>
        </test-method> <!-- test_risk_viewer_cbp -->
      </class> <!-- test.java.FS_RAViewer_CBP -->
      <class name="test.java.FS_RAViewer_CP_ASRC">
        <test-method status="SKIP" signature="setUpBeforeClass()[pri:0, instance:test.java.FS_RAViewer_CP_ASRC@20f5239f]" name="setUpBeforeClass" is-config="true" duration-ms="0" started-at="2016-07-25T10:01:58Z" finished-at="2016-07-25T10:01:58Z">
          <reporter-output>
          </reporter-output>
        </test-method> <!-- setUpBeforeClass -->
        <test-method status="SKIP" signature="test_risk_viewer_cp_asrc()[pri:0, instance:test.java.FS_RAViewer_CP_ASRC@20f5239f]" name="test_risk_viewer_cp_asrc" duration-ms="0" started-at="2016-07-25T10:01:58Z" finished-at="2016-07-25T10:01:58Z">
          <reporter-output>
          </reporter-output>
        </test-method> <!-- test_risk_viewer_cp_asrc -->
      </class> <!-- test.java.FS_RAViewer_CP_ASRC -->
      <class name="test.java.FS_RAViewer_SC">
        <test-method status="SKIP" signature="setUpBeforeClass()[pri:0, instance:test.java.FS_RAViewer_SC@57af006c]" name="setUpBeforeClass" is-config="true" duration-ms="0" started-at="2016-07-25T10:01:58Z" finished-at="2016-07-25T10:01:58Z">
          <reporter-output>
          </reporter-output>
        </test-method> <!-- setUpBeforeClass -->
        <test-method status="SKIP" signature="test_risk_viewer_sc()[pri:0, instance:test.java.FS_RAViewer_SC@57af006c]" name="test_risk_viewer_sc" duration-ms="0" started-at="2016-07-25T10:01:58Z" finished-at="2016-07-25T10:01:58Z">
          <reporter-output>
          </reporter-output>
        </test-method> <!-- test_risk_viewer_sc -->
      </class> <!-- test.java.FS_RAViewer_SC -->
      <class name="test.java.FS_RAViewer_SP">
        <test-method status="FAIL" signature="test_risk_viewer()[pri:0, instance:test.java.FS_RAViewer_SP@6d3a388c]" name="test_risk_viewer" is-config="true" duration-ms="0" started-at="2016-07-25T10:01:57Z" finished-at="2016-07-25T10:01:57Z">
          <exception class="org.openqa.selenium.WebDriverException">
            <message>
              <![CDATA[Session not found: b0c271af-9b4c-49a4-9db9-a5a45f1ba8cc
Command duration or timeout: 10 milliseconds
Build info: version: '2.53.0', revision: '35ae25b1534ae328c771e0856c93e187490ca824', time: '2016-03-15 10:43:46'
System info: host: 'jop55-dt', ip: '192.168.56.1', os.name: 'Windows 8.1', os.arch: 'amd64', os.version: '6.3', java.version: '1.8.0_60'
Driver info: org.openqa.selenium.firefox.FirefoxDriver
Capabilities [{applicationCacheEnabled=true, rotatable=false, handlesAlerts=true, databaseEnabled=true, version=43.0.1, platform=WINDOWS, nativeEvents=false, acceptSslCerts=true, webStorageEnabled=true, locationContextEnabled=true, browserName=firefox, takesScreenshot=true, javascriptEnabled=true, cssSelectorsEnabled=true}]
Session ID: b0c271af-9b4c-49a4-9db9-a5a45f1ba8cc]]>
            </message>
            <full-stacktrace>
              <![CDATA[org.openqa.selenium.WebDriverException: Session not found: b0c271af-9b4c-49a4-9db9-a5a45f1ba8cc
Command duration or timeout: 10 milliseconds
Build info: version: '2.53.0', revision: '35ae25b1534ae328c771e0856c93e187490ca824', time: '2016-03-15 10:43:46'
System info: host: 'jop55-dt', ip: '192.168.56.1', os.name: 'Windows 8.1', os.arch: 'amd64', os.version: '6.3', java.version: '1.8.0_60'
Driver info: org.openqa.selenium.firefox.FirefoxDriver
Capabilities [{applicationCacheEnabled=true, rotatable=false, handlesAlerts=true, databaseEnabled=true, version=43.0.1, platform=WINDOWS, nativeEvents=false, acceptSslCerts=true, webStorageEnabled=true, locationContextEnabled=true, browserName=firefox, takesScreenshot=true, javascriptEnabled=true, cssSelectorsEnabled=true}]
Session ID: b0c271af-9b4c-49a4-9db9-a5a45f1ba8cc
	at sun.reflect.NativeConstructorAccessorImpl.newInstance0(Native Method)
	at sun.reflect.NativeConstructorAccessorImpl.newInstance(NativeConstructorAccessorImpl.java:62)
	at sun.reflect.DelegatingConstructorAccessorImpl.newInstance(DelegatingConstructorAccessorImpl.java:45)
	at java.lang.reflect.Constructor.newInstance(Constructor.java:422)
	at org.openqa.selenium.remote.ErrorHandler.createThrowable(ErrorHandler.java:206)
	at org.openqa.selenium.remote.ErrorHandler.throwIfResponseFailed(ErrorHandler.java:158)
	at org.openqa.selenium.remote.RemoteWebDriver.execute(RemoteWebDriver.java:678)
	at org.openqa.selenium.remote.RemoteWebDriver.get(RemoteWebDriver.java:316)
	at test.java.FS_RAViewer.test_risk_viewer(FS_RAViewer.java:31)
	at sun.reflect.NativeMethodAccessorImpl.invoke0(Native Method)
	at sun.reflect.NativeMethodAccessorImpl.invoke(NativeMethodAccessorImpl.java:62)
	at sun.reflect.DelegatingMethodAccessorImpl.invoke(DelegatingMethodAccessorImpl.java:43)
	at java.lang.reflect.Method.invoke(Method.java:497)
	at org.testng.internal.MethodInvocationHelper.invokeMethod(MethodInvocationHelper.java:100)
	at org.testng.internal.Invoker.invokeConfigurationMethod(Invoker.java:515)
	at org.testng.internal.Invoker.invokeConfigurations(Invoker.java:216)
	at org.testng.internal.Invoker.invokeConfigurations(Invoker.java:143)
	at org.testng.SuiteRunner.privateRun(SuiteRunner.java:305)
	at org.testng.SuiteRunner.run(SuiteRunner.java:268)
	at org.testng.SuiteRunnerWorker.runSuite(SuiteRunnerWorker.java:52)
	at org.testng.SuiteRunnerWorker.run(SuiteRunnerWorker.java:86)
	at org.testng.TestNG.runSuitesSequentially(TestNG.java:1264)
	at org.testng.TestNG.runSuitesLocally(TestNG.java:1189)
	at org.testng.TestNG.runSuites(TestNG.java:1104)
	at org.testng.TestNG.run(TestNG.java:1076)
	at org.testng.remote.AbstractRemoteTestNG.run(AbstractRemoteTestNG.java:126)
	at org.testng.remote.RemoteTestNG.initAndRun(RemoteTestNG.java:152)
	at org.testng.remote.RemoteTestNG.main(RemoteTestNG.java:57)
Caused by: org.openqa.selenium.WebDriverException: Session not found: b0c271af-9b4c-49a4-9db9-a5a45f1ba8cc
Build info: version: '2.53.0', revision: '35ae25b1534ae328c771e0856c93e187490ca824', time: '2016-03-15 10:43:46'
System info: host: 'jop55-dt', ip: '192.168.56.1', os.name: 'Windows 8.1', os.arch: 'amd64', os.version: '6.3', java.version: '1.8.0_60'
Driver info: driver.version: unknown
	at <anonymous class>.nsCommandProcessor.prototype.execute(file:///C:/Users/JOP55/AppData/Local/Temp/anonymous1427172277066748219webdriver-profile/extensions/fxdriver@googlecode.com/components/command-processor.js:12704)
	at <anonymous class>.Dispatcher.executeAs/<(file:///C:/Users/JOP55/AppData/Local/Temp/anonymous1427172277066748219webdriver-profile/extensions/fxdriver@googlecode.com/components/driver-component.js:9558)
	at <anonymous class>.Resource.prototype.handle(file:///C:/Users/JOP55/AppData/Local/Temp/anonymous1427172277066748219webdriver-profile/extensions/fxdriver@googlecode.com/components/driver-component.js:9705)
	at <anonymous class>.Dispatcher.prototype.dispatch(file:///C:/Users/JOP55/AppData/Local/Temp/anonymous1427172277066748219webdriver-profile/extensions/fxdriver@googlecode.com/components/driver-component.js:9652)
	at <anonymous class>.WebDriverServer/<.handle(file:///C:/Users/JOP55/AppData/Local/Temp/anonymous1427172277066748219webdriver-profile/extensions/fxdriver@googlecode.com/components/driver-component.js:12517)
	at <anonymous class>.createHandlerFunc/<(file:///C:/Users/JOP55/AppData/Local/Temp/anonymous1427172277066748219webdriver-profile/extensions/fxdriver@googlecode.com/components/httpd.js:2054)
	at <anonymous class>.ServerHandler.prototype.handleResponse(file:///C:/Users/JOP55/AppData/Local/Temp/anonymous1427172277066748219webdriver-profile/extensions/fxdriver@googlecode.com/components/httpd.js:2387)
	at <anonymous class>.Connection.prototype.process(file:///C:/Users/JOP55/AppData/Local/Temp/anonymous1427172277066748219webdriver-profile/extensions/fxdriver@googlecode.com/components/httpd.js:1223)
	at <anonymous class>.RequestReader.prototype._handleResponse(file:///C:/Users/JOP55/AppData/Local/Temp/anonymous1427172277066748219webdriver-profile/extensions/fxdriver@googlecode.com/components/httpd.js:1677)
	at <anonymous class>.RequestReader.prototype._processBody(file:///C:/Users/JOP55/AppData/Local/Temp/anonymous1427172277066748219webdriver-profile/extensions/fxdriver@googlecode.com/components/httpd.js:1525)
	at <anonymous class>.RequestReader.prototype.onInputStreamReady(file:///C:/Users/JOP55/AppData/Local/Temp/anonymous1427172277066748219webdriver-profile/extensions/fxdriver@googlecode.com/components/httpd.js:1393)
]]>
            </full-stacktrace>
          </exception> <!-- org.openqa.selenium.WebDriverException -->
          <reporter-output>
          </reporter-output>
        </test-method> <!-- test_risk_viewer -->
        <test-method status="SKIP" signature="setUpBeforeClass()[pri:0, instance:test.java.FS_RAViewer_CBP@223aa2f7]" name="setUpBeforeClass" is-config="true" duration-ms="0" started-at="2016-07-25T10:01:57Z" depends-on-methods="test.java.FS_RAViewer.test_risk_viewer" finished-at="2016-07-25T10:01:57Z">
          <reporter-output>
          </reporter-output>
        </test-method> <!-- setUpBeforeClass -->
        <test-method status="SKIP" signature="setUpBeforeClass()[pri:0, instance:test.java.FS_RAViewer_HP@193f604a]" name="setUpBeforeClass" is-config="true" duration-ms="0" started-at="2016-07-25T10:01:57Z" depends-on-methods="test.java.FS_RAViewer_CBP.setUpBeforeClass, test.java.FS_RAViewer.test_risk_viewer" finished-at="2016-07-25T10:01:57Z">
          <reporter-output>
          </reporter-output>
        </test-method> <!-- setUpBeforeClass -->
        <test-method status="SKIP" signature="setUpBeforeClass()[pri:0, instance:test.java.FS_RAViewer_CP_ASRC@20f5239f]" name="setUpBeforeClass" is-config="true" duration-ms="0" started-at="2016-07-25T10:01:57Z" depends-on-methods="test.java.FS_RAViewer_HP.setUpBeforeClass, test.java.FS_RAViewer_CBP.setUpBeforeClass, test.java.FS_RAViewer.test_risk_viewer" finished-at="2016-07-25T10:01:57Z">
          <reporter-output>
          </reporter-output>
        </test-method> <!-- setUpBeforeClass -->
        <test-method status="SKIP" signature="setUpBeforeClass()[pri:0, instance:test.java.FS_RAViewer_SC@57af006c]" name="setUpBeforeClass" is-config="true" duration-ms="0" started-at="2016-07-25T10:01:57Z" depends-on-methods="test.java.FS_RAViewer_CP_ASRC.setUpBeforeClass, test.java.FS_RAViewer_HP.setUpBeforeClass, test.java.FS_RAViewer_CBP.setUpBeforeClass, test.java.FS_RAViewer.test_risk_viewer" finished-at="2016-07-25T10:01:57Z">
          <reporter-output>
          </reporter-output>
        </test-method> <!-- setUpBeforeClass -->
        <test-method status="SKIP" signature="setUpBeforeClass()[pri:0, instance:test.java.FS_RAViewer_SP@6d3a388c]" name="setUpBeforeClass" is-config="true" duration-ms="0" started-at="2016-07-25T10:01:57Z" depends-on-methods="test.java.FS_RAViewer_SC.setUpBeforeClass, test.java.FS_RAViewer_CP_ASRC.setUpBeforeClass, test.java.FS_RAViewer_HP.setUpBeforeClass, test.java.FS_RAViewer_CBP.setUpBeforeClass, test.java.FS_RAViewer.test_risk_viewer" finished-at="2016-07-25T10:01:57Z">
          <reporter-output>
          </reporter-output>
        </test-method> <!-- setUpBeforeClass -->
        <test-method status="SKIP" signature="test_risk_viewer()[pri:0, instance:test.java.FS_RAViewer_SP@6d3a388c]" name="test_risk_viewer" is-config="true" duration-ms="0" started-at="2016-07-25T10:01:57Z" finished-at="2016-07-25T10:01:57Z">
          <reporter-output>
          </reporter-output>
        </test-method> <!-- test_risk_viewer -->
        <test-method status="SKIP" signature="setUpBeforeClass()[pri:0, instance:test.java.FS_RAViewer_SC@57af006c]" name="setUpBeforeClass" is-config="true" duration-ms="0" started-at="2016-07-25T10:01:57Z" depends-on-methods="test.java.FS_RAViewer.test_risk_viewer" finished-at="2016-07-25T10:01:57Z">
          <reporter-output>
          </reporter-output>
        </test-method> <!-- setUpBeforeClass -->
        <test-method status="SKIP" signature="setUpBeforeClass()[pri:0, instance:test.java.FS_RAViewer_SP@6d3a388c]" name="setUpBeforeClass" is-config="true" duration-ms="0" started-at="2016-07-25T10:01:57Z" depends-on-methods="test.java.FS_RAViewer_SC.setUpBeforeClass, test.java.FS_RAViewer.test_risk_viewer" finished-at="2016-07-25T10:01:57Z">
          <reporter-output>
          </reporter-output>
        </test-method> <!-- setUpBeforeClass -->
        <test-method status="SKIP" signature="setUpBeforeClass()[pri:0, instance:test.java.FS_RAViewer_SP@6d3a388c]" name="setUpBeforeClass" is-config="true" duration-ms="0" started-at="2016-07-25T10:01:58Z" finished-at="2016-07-25T10:01:58Z">
          <reporter-output>
          </reporter-output>
        </test-method> <!-- setUpBeforeClass -->
        <test-method status="SKIP" signature="test_risk_viewer_sp()[pri:0, instance:test.java.FS_RAViewer_SP@6d3a388c]" name="test_risk_viewer_sp" duration-ms="0" started-at="2016-07-25T10:01:58Z" finished-at="2016-07-25T10:01:58Z">
          <reporter-output>
          </reporter-output>
        </test-method> <!-- test_risk_viewer_sp -->
      </class> <!-- test.java.FS_RAViewer_SP -->
    </test> <!-- BasicTests -->
  </suite> <!-- FallSentinel -->
</testng-results>
