<?xml version="1.0" encoding="UTF-8"?>
<!-- Generated by org.testng.reporters.JUnitXMLReporter -->
<testsuite hostname="jop55-dt" name="BasicTests" tests="5" failures="0" timestamp="25 Jul 2016 14:02:01 GMT" time="0.527" errors="0">
  <testcase name="@BeforeSuite test_risk_viewer" time="0.0" classname="test.java.FS_RAViewer_SP">
    <failure type="org.openqa.selenium.WebDriverException" message="Session not found: b0c271af-9b4c-49a4-9db9-a5a45f1ba8cc
Command duration or timeout: 10 milliseconds
Build info: version: &amp;apos;2.53.0&amp;apos;, revision: &amp;apos;35ae25b1534ae328c771e0856c93e187490ca824&amp;apos;, time: &amp;apos;2016-03-15 10:43:46&amp;apos;
System info: host: &amp;apos;jop55-dt&amp;apos;, ip: &amp;apos;192.168.56.1&amp;apos;, os.name: &amp;apos;Windows 8.1&amp;apos;, os.arch: &amp;apos;amd64&amp;apos;, os.version: &amp;apos;6.3&amp;apos;, java.version: &amp;apos;1.8.0_60&amp;apos;
Driver info: org.openqa.selenium.firefox.FirefoxDriver
Capabilities [{applicationCacheEnabled=true, rotatable=false, handlesAlerts=true, databaseEnabled=true, version=43.0.1, platform=WINDOWS, nativeEvents=false, acceptSslCerts=true, webStorageEnabled=true, locationContextEnabled=true, browserName=firefox, takesScreenshot=true, javascriptEnabled=true, cssSelectorsEnabled=true}]
Session ID: b0c271af-9b4c-49a4-9db9-a5a45f1ba8cc">
      <![CDATA[org.openqa.selenium.WebDriverException: Session not found: b0c271af-9b4c-49a4-9db9-a5a45f1ba8cc
Command duration or timeout: 10 milliseconds
Build info: version: '2.53.0', revision: '35ae25b1534ae328c771e0856c93e187490ca824', time: '2016-03-15 10:43:46'
System info: host: 'jop55-dt', ip: '192.168.56.1', os.name: 'Windows 8.1', os.arch: 'amd64', os.version: '6.3', java.version: '1.8.0_60'
Driver info: org.openqa.selenium.firefox.FirefoxDriver
Capabilities [{applicationCacheEnabled=true, rotatable=false, handlesAlerts=true, databaseEnabled=true, version=43.0.1, platform=WINDOWS, nativeEvents=false, acceptSslCerts=true, webStorageEnabled=true, locationContextEnabled=true, browserName=firefox, takesScreenshot=true, javascriptEnabled=true, cssSelectorsEnabled=true}]
Session ID: b0c271af-9b4c-49a4-9db9-a5a45f1ba8cc
	at org.openqa.selenium.remote.ErrorHandler.createThrowable(ErrorHandler.java:206)
	at org.openqa.selenium.remote.ErrorHandler.throwIfResponseFailed(ErrorHandler.java:158)
	at org.openqa.selenium.remote.RemoteWebDriver.execute(RemoteWebDriver.java:678)
	at org.openqa.selenium.remote.RemoteWebDriver.get(RemoteWebDriver.java:316)
	at test.java.FS_RAViewer.test_risk_viewer(FS_RAViewer.java:31)
Caused by: org.openqa.selenium.WebDriverException: Session not found: b0c271af-9b4c-49a4-9db9-a5a45f1ba8cc
Build info: version: '2.53.0', revision: '35ae25b1534ae328c771e0856c93e187490ca824', time: '2016-03-15 10:43:46'
System info: host: 'jop55-dt', ip: '192.168.56.1', os.name: 'Windows 8.1', os.arch: 'amd64', os.version: '6.3', java.version: '1.8.0_60'
Driver info: driver.version: unknown
	at <anonymous class>.nsCommandProcessor.prototype.execute(file:///C:/Users/JOP55/AppData/Local/Temp/anonymous1427172277066748219webdriver-profile/extensions/fxdriver@googlecode.com/components/command-processor.js:12704)
	at <anonymous class>.Dispatcher.executeAs/<(file:///C:/Users/JOP55/AppData/Local/Temp/anonymous1427172277066748219webdriver-profile/extensions/fxdriver@googlecode.com/components/driver-component.js:9558)
	at <anonymous class>.Resource.prototype.handle(file:///C:/Users/JOP55/AppData/Local/Temp/anonymous1427172277066748219webdriver-profile/extensions/fxdriver@googlecode.com/components/driver-component.js:9705)
	at <anonymous class>.Dispatcher.prototype.dispatch(file:///C:/Users/JOP55/AppData/Local/Temp/anonymous1427172277066748219webdriver-profile/extensions/fxdriver@googlecode.com/components/driver-component.js:9652)
	at <anonymous class>.WebDriverServer/<.handle(file:///C:/Users/JOP55/AppData/Local/Temp/anonymous1427172277066748219webdriver-profile/extensions/fxdriver@googlecode.com/components/driver-component.js:12517)
	at <anonymous class>.createHandlerFunc/<(file:///C:/Users/JOP55/AppData/Local/Temp/anonymous1427172277066748219webdriver-profile/extensions/fxdriver@googlecode.com/components/httpd.js:2054)
	at <anonymous class>.ServerHandler.prototype.handleResponse(file:///C:/Users/JOP55/AppData/Local/Temp/anonymous1427172277066748219webdriver-profile/extensions/fxdriver@googlecode.com/components/httpd.js:2387)
	at <anonymous class>.Connection.prototype.process(file:///C:/Users/JOP55/AppData/Local/Temp/anonymous1427172277066748219webdriver-profile/extensions/fxdriver@googlecode.com/components/httpd.js:1223)
	at <anonymous class>.RequestReader.prototype._handleResponse(file:///C:/Users/JOP55/AppData/Local/Temp/anonymous1427172277066748219webdriver-profile/extensions/fxdriver@googlecode.com/components/httpd.js:1677)
	at <anonymous class>.RequestReader.prototype._processBody(file:///C:/Users/JOP55/AppData/Local/Temp/anonymous1427172277066748219webdriver-profile/extensions/fxdriver@googlecode.com/components/httpd.js:1525)
	at <anonymous class>.RequestReader.prototype.onInputStreamReady(file:///C:/Users/JOP55/AppData/Local/Temp/anonymous1427172277066748219webdriver-profile/extensions/fxdriver@googlecode.com/components/httpd.js:1393)
... Removed 23 stack frames]]>
    </failure>
  </testcase> <!-- @BeforeSuite test_risk_viewer -->
  <testcase name="@BeforeSuite setUpBeforeClass" time="0.0" classname="test.java.FS_RAViewer_SP">
    <skipped/>
  </testcase> <!-- @BeforeSuite setUpBeforeClass -->
  <testcase name="@BeforeSuite setUpBeforeClass" time="0.0" classname="test.java.FS_RAViewer_SP">
    <skipped/>
  </testcase> <!-- @BeforeSuite setUpBeforeClass -->
  <testcase name="@BeforeSuite setUpBeforeClass" time="0.0" classname="test.java.FS_RAViewer_SP">
    <skipped/>
  </testcase> <!-- @BeforeSuite setUpBeforeClass -->
  <testcase name="@BeforeSuite setUpBeforeClass" time="0.0" classname="test.java.FS_RAViewer_SP">
    <skipped/>
  </testcase> <!-- @BeforeSuite setUpBeforeClass -->
  <testcase name="@BeforeSuite setUpBeforeClass" time="0.0" classname="test.java.FS_RAViewer_SP">
    <skipped/>
  </testcase> <!-- @BeforeSuite setUpBeforeClass -->
  <testcase name="@BeforeTest test_risk_viewer" time="0.0" classname="test.java.FS_RAViewer_SP">
    <skipped/>
  </testcase> <!-- @BeforeTest test_risk_viewer -->
  <testcase name="@BeforeTest setUpBeforeClass" time="0.0" classname="test.java.FS_RAViewer_SP">
    <skipped/>
  </testcase> <!-- @BeforeTest setUpBeforeClass -->
  <testcase name="@BeforeTest setUpBeforeClass" time="0.0" classname="test.java.FS_RAViewer_SP">
    <skipped/>
  </testcase> <!-- @BeforeTest setUpBeforeClass -->
  <testcase name="@BeforeClass setUpBeforeClass" time="0.0" classname="test.java.FS_RAViewer_SP">
    <skipped/>
  </testcase> <!-- @BeforeClass setUpBeforeClass -->
  <testcase name="@BeforeClass setUpBeforeClass" time="0.0" classname="test.java.FS_RAViewer_SC">
    <skipped/>
  </testcase> <!-- @BeforeClass setUpBeforeClass -->
  <testcase name="@BeforeClass setUpBeforeClass" time="0.0" classname="test.java.FS_RAViewer_CP_ASRC">
    <skipped/>
  </testcase> <!-- @BeforeClass setUpBeforeClass -->
  <testcase name="@BeforeClass setUpBeforeClass" time="0.0" classname="test.java.FS_RAViewer_HP">
    <skipped/>
  </testcase> <!-- @BeforeClass setUpBeforeClass -->
  <testcase name="@BeforeClass setUpBeforeClass" time="0.0" classname="test.java.FS_RAViewer_CBP">
    <skipped/>
  </testcase> <!-- @BeforeClass setUpBeforeClass -->
  <testcase name="test_risk_viewer_sp" time="0.0" classname="test.java.FS_RAViewer_SP">
    <skipped/>
  </testcase> <!-- test_risk_viewer_sp -->
  <testcase name="test_risk_viewer_sc" time="0.0" classname="test.java.FS_RAViewer_SC">
    <skipped/>
  </testcase> <!-- test_risk_viewer_sc -->
  <testcase name="test_risk_viewer_cp_asrc" time="0.0" classname="test.java.FS_RAViewer_CP_ASRC">
    <skipped/>
  </testcase> <!-- test_risk_viewer_cp_asrc -->
  <testcase name="test_risk_viewer_hp" time="0.0" classname="test.java.FS_RAViewer_HP">
    <skipped/>
  </testcase> <!-- test_risk_viewer_hp -->
  <testcase name="test_risk_viewer_cbp" time="0.0" classname="test.java.FS_RAViewer_CBP">
    <skipped/>
  </testcase> <!-- test_risk_viewer_cbp -->
</testsuite> <!-- BasicTests -->
